<?xml version="1.0" encoding="UTF-8"?>
<testng-results ignored="0" total="1" passed="1" failed="0" skipped="0">
  <reporter-output>
  </reporter-output>
  <suite started-at="2024-09-01T09:47:20 IST" name="Default suite" finished-at="2024-09-01T09:47:53 IST" duration-ms="33310">
    <groups>
    </groups>
    <test started-at="2024-09-01T09:47:20 IST" name="Default test" finished-at="2024-09-01T09:47:53 IST" duration-ms="33310">
      <class name="csTech.Assignment.Assignment1">
        <test-method is-config="true" signature="createConnection()[pri:0, instance:csTech.Assignment.Assignment1@534a5a98]" started-at="2024-09-01T09:47:20 IST" name="createConnection" finished-at="2024-09-01T09:47:20 IST" duration-ms="12" status="PASS">
          <reporter-output>
          </reporter-output>
        </test-method> <!-- createConnection -->
        <test-method is-config="true" signature="launchBrowser()[pri:0, instance:csTech.Assignment.Assignment1@534a5a98]" started-at="2024-09-01T09:47:20 IST" name="launchBrowser" finished-at="2024-09-01T09:47:25 IST" duration-ms="4747" status="PASS">
          <reporter-output>
          </reporter-output>
        </test-method> <!-- launchBrowser -->
        <test-method signature="assignment1()[pri:0, instance:csTech.Assignment.Assignment1@534a5a98]" started-at="2024-09-01T09:47:25 IST" name="assignment1" finished-at="2024-09-01T09:47:52 IST" duration-ms="27764" status="PASS">
          <reporter-output>
          </reporter-output>
        </test-method> <!-- assignment1 -->
        <test-method is-config="true" signature="closeBrowser()[pri:0, instance:csTech.Assignment.Assignment1@534a5a98]" started-at="2024-09-01T09:47:52 IST" name="closeBrowser" finished-at="2024-09-01T09:47:53 IST" duration-ms="762" status="PASS">
          <reporter-output>
          </reporter-output>
        </test-method> <!-- closeBrowser -->
        <test-method is-config="true" signature="closeConnection()[pri:0, instance:csTech.Assignment.Assignment1@534a5a98]" started-at="2024-09-01T09:47:53 IST" name="closeConnection" finished-at="2024-09-01T09:47:53 IST" duration-ms="0" status="PASS">
          <reporter-output>
          </reporter-output>
        </test-method> <!-- closeConnection -->
      </class> <!-- csTech.Assignment.Assignment1 -->
    </test> <!-- Default test -->
  </suite> <!-- Default suite -->
</testng-results>
