<?xml version="1.0" encoding="UTF-8"?>
<testng-results ignored="0" total="1" passed="1" failed="0" skipped="0">
  <reporter-output>
  </reporter-output>
  <suite started-at="2024-09-01T09:48:24 IST" name="Default suite" finished-at="2024-09-01T09:48:51 IST" duration-ms="26746">
    <groups>
    </groups>
    <test started-at="2024-09-01T09:48:24 IST" name="Default test" finished-at="2024-09-01T09:48:51 IST" duration-ms="26746">
      <class name="csTechAssignment2.Assignment2">
        <test-method is-config="true" signature="createConnection()[pri:0, instance:csTechAssignment2.Assignment2@576d5deb]" started-at="2024-09-01T09:48:24 IST" name="createConnection" finished-at="2024-09-01T09:48:24 IST" duration-ms="18" status="PASS">
          <reporter-output>
          </reporter-output>
        </test-method> <!-- createConnection -->
        <test-method is-config="true" signature="launchBrowser()[pri:0, instance:csTechAssignment2.Assignment2@576d5deb]" started-at="2024-09-01T09:48:24 IST" name="launchBrowser" finished-at="2024-09-01T09:48:31 IST" duration-ms="6649" status="PASS">
          <reporter-output>
          </reporter-output>
        </test-method> <!-- launchBrowser -->
        <test-method is-config="true" signature="login()[pri:0, instance:csTechAssignment2.Assignment2@576d5deb]" started-at="2024-09-01T09:48:31 IST" name="login" finished-at="2024-09-01T09:48:32 IST" duration-ms="777" status="PASS">
          <reporter-output>
          </reporter-output>
        </test-method> <!-- login -->
        <test-method signature="assignment2()[pri:0, instance:csTechAssignment2.Assignment2@576d5deb]" started-at="2024-09-01T09:48:32 IST" name="assignment2" finished-at="2024-09-01T09:48:47 IST" duration-ms="15775" status="PASS">
          <reporter-output>
          </reporter-output>
        </test-method> <!-- assignment2 -->
        <test-method is-config="true" signature="logout()[pri:0, instance:csTechAssignment2.Assignment2@576d5deb]" started-at="2024-09-01T09:48:47 IST" name="logout" finished-at="2024-09-01T09:48:50 IST" duration-ms="3044" status="PASS">
          <reporter-output>
          </reporter-output>
        </test-method> <!-- logout -->
        <test-method is-config="true" signature="closeBrowser()[pri:0, instance:csTechAssignment2.Assignment2@576d5deb]" started-at="2024-09-01T09:48:50 IST" name="closeBrowser" finished-at="2024-09-01T09:48:51 IST" duration-ms="444" status="PASS">
          <reporter-output>
          </reporter-output>
        </test-method> <!-- closeBrowser -->
        <test-method is-config="true" signature="closeConnection()[pri:0, instance:csTechAssignment2.Assignment2@576d5deb]" started-at="2024-09-01T09:48:51 IST" name="closeConnection" finished-at="2024-09-01T09:48:51 IST" duration-ms="0" status="PASS">
          <reporter-output>
          </reporter-output>
        </test-method> <!-- closeConnection -->
      </class> <!-- csTechAssignment2.Assignment2 -->
    </test> <!-- Default test -->
  </suite> <!-- Default suite -->
</testng-results>
